
main:     file format elf32-littleriscv
main
architecture: riscv:rv32, flags 0x00000112:
EXEC_P, HAS_SYMS, D_PAGED
start address 0x00000000

Program Header:
    LOAD off    0x00001000 vaddr 0x00000000 paddr 0x00000000 align 2**12
         filesz 0x000002bc memsz 0x000002bc flags r-x
    LOAD off    0x00002000 vaddr 0x00010000 paddr 0x20000000 align 2**12
         filesz 0x00000c80 memsz 0x00000c80 flags r-x
    LOAD off    0x00000000 vaddr 0x20100000 paddr 0x20100000 align 2**12
         filesz 0x00000000 memsz 0x00001000 flags rw-
    LOAD off    0x00003000 vaddr 0x00020000 paddr 0x20101000 align 2**12
         filesz 0x00000000 memsz 0x00001000 flags rw-

Sections:
Idx Name          Size      VMA       LMA       File off  Algn
  0 .text0        000002bc  00000000  00000000  00001000  2**2
                  CONTENTS, ALLOC, LOAD, READONLY, CODE
  1 .text1        00000c7c  00010000  20000000  00002000  2**2
                  CONTENTS, ALLOC, LOAD, READONLY, CODE
  2 .rodata       00000004  00010c7c  20000c7c  00002c7c  2**0
                  CONTENTS, ALLOC, LOAD, READONLY, DATA
  3 _test         00001000  20100000  20100000  00003000  2**0
                  ALLOC
  4 .data         00000000  00020000  20101000  00003000  2**0
                  CONTENTS, ALLOC, LOAD, DATA
  5 .bss          00000000  00020000  20101000  00003000  2**0
                  ALLOC
  6 .stack        00001000  00020000  20101000  00003000  2**0
                  ALLOC
  7 .comment      00000012  00000000  00000000  00003000  2**0
                  CONTENTS, READONLY
  8 .riscv.attributes 00000020  00000000  00000000  00003012  2**0
                  CONTENTS, READONLY
SYMBOL TABLE:
00000000 l    d  .text0	00000000 .text0
00010000 l    d  .text1	00000000 .text1
00010c7c l    d  .rodata	00000000 .rodata
20100000 l    d  _test	00000000 _test
00020000 l    d  .data	00000000 .data
00020000 l    d  .bss	00000000 .bss
00020000 l    d  .stack	00000000 .stack
00000000 l    d  .comment	00000000 .comment
00000000 l    d  .riscv.attributes	00000000 .riscv.attributes
00000000 l    df *ABS*	00000000 setup.o
00000084 l       .text0	00000000 init_bss
00000108 l       .text0	00000000 fill_block
0000009c l       .text0	00000000 init_sbss
000000b4 l       .text0	00000000 write_stack_pattern
000000cc l       .text0	00000000 init_stack
000000d4 l       .text0	00000000 write_test_pattern
000000ec l       .text0	00000000 SystemInit
000000f4 l       .text0	00000000 SystemExit
00000104 l       .text0	00000000 dead_loop
00000118 l       .text0	00000000 fb_end
00000000 l    df *ABS*	00000000 boot.c
00000000 l    df *ABS*	00000000 main.o
00010114 l       .text1	00000000 add
00010150 l       .text1	00000000 sub
0001018c l       .text1	00000000 sll
000101c8 l       .text1	00000000 slt
00010204 l       .text1	00000000 sltu
00010244 l       .text1	00000000 xor
00010288 l       .text1	00000000 srl
000102cc l       .text1	00000000 sra
00010310 l       .text1	00000000 or
00010358 l       .text1	00000000 and
0001039c l       .text1	00000000 load
00010c7c l       .rodata	00000000 lw_data
00010440 l       .text1	00000000 addi
0001048c l       .text1	00000000 slti
000104d8 l       .text1	00000000 sltiu
00010528 l       .text1	00000000 xori
00010574 l       .text1	00000000 ori
000105c0 l       .text1	00000000 andi
00010614 l       .text1	00000000 slli
00010664 l       .text1	00000000 srli
000106b8 l       .text1	00000000 srai
0001070c l       .text1	00000000 jalr
00010790 l       .text1	00000000 store
000107f8 l       .text1	00000000 beq
00010858 l       .text1	00000000 bne
000108b8 l       .text1	00000000 blt
00010940 l       .text1	00000000 bge
000109bc l       .text1	00000000 bltu
00010a38 l       .text1	00000000 bgeu
00010ab4 l       .text1	00000000 auipc
00010ad0 l       .text1	00000000 lui
00010aec l       .text1	00000000 jal
00010b10 l       .text1	00000000 csrrw
00010bb0 l       .text1	00000000 csrrwi
00010bf0 l       .text1	00000000 csrrs
00010c14 l       .text1	00000000 csrrsi
00010c30 l       .text1	00000000 csrrc
00010c54 l       .text1	00000000 csrrci
00010c70 l       .text1	00000000 main_exit
20100000 g       _test	00000000 _test_start
20101000 g       *ABS*	00000000 __data_paddr_start
00020000 g       _test	00000000 __sbss_start
00020800 g       _test	00000000 _gp
20101000 g       _test	00000000 _test_end
00010000 g       .text1	00000000 _imem_start
00001000 g       *ABS*	00000000 _TEST_SIZE
20101000 g       *ABS*	00000000 __sdata_paddr_start
00020000 g       _test	00000000 __sdata_start
00010c80 g       .rodata	00000000 __rodata_end
0000011c g     F .text0	000001a0 boot
00020000 g       .bss	00000000 __bss_end
00020000 g       _test	00000000 __sbss_end
00000000 g       .text0	00000000 _start
00010c7c g       .rodata	00000000 __rodata_start
00020000 g       .data	00000000 __data_end
20000000 g       .rodata	00000000 _dram_i_start
00020000 g       .bss	00000000 __bss_start
00001000 g       *ABS*	00000000 _STACK_SIZE
0002fffc g       .stack	00000000 _sim_end
00010104 g       .text1	00000000 main
00010000 g       .text1	00000000 trap_entry
00020000 g       .stack	00000000 _stack_end
00020000 g       _test	00000000 __sdata_end
20000c80 g       .rodata	00000000 _dram_i_end
00021000 g       .stack	00000000 __stack
00030000 g       .stack	00000000 _end
00021000 g       .stack	00000000 _stack
00020000 g       .data	00000000 __data_start


Contents of section .text0:
 0000 93000000 13010000 93010000 13020000  ................
 0010 93020000 13030000 93030000 13040000  ................
 0020 93040000 13050000 93050000 13060000  ................
 0030 93060000 13070000 93070000 13080000  ................
 0040 93080000 13090000 93090000 130a0000  ................
 0050 930a0000 130b0000 930b0000 130c0000  ................
 0060 930c0000 130d0000 930d0000 130e0000  ................
 0070 930e0000 130f0000 930f0000 97010200  ................
 0080 93814178 17050200 1305c5f7 97050200  ..Ax............
 0090 938505f7 13060000 ef000007 17050200  ................
 00a0 130545f6 97050200 938585f5 13060000  ..E.............
 00b0 ef008005 17050200 1305c5f4 97150200  ................
 00c0 938505f4 13060000 ef000004 17110200  ................
 00d0 130141f3 17051020 1305c5f2 97151020  ..A.... ....... 
 00e0 938505f2 13060000 ef000002 ef000003  ................
 00f0 ef004101 97020300 938282f0 1303f0ff  ..A.............
 0100 23a06200 6f000000 63e8a500 2320c500  #.b.o...c...# ..
 0110 13054500 6ff05fff 67800000 130101fe  ..E.o._.g.......
 0120 232e8100 13040102 b7070210 2326f4fe  #...........#&..
 0130 b71f0000 938f0f80 73904f30 8327c4fe  ........s.O0.'..
 0140 93870720 37070020 13070700 23a0e700  ... 7.. ....#...
 0150 8327c4fe 93870730 37070100 13070700  .'.....07.......
 0160 23a0e700 b7170020 138707c8 b7070020  #...... ....... 
 0170 93870700 b307f740 93d72740 13871700  .......@..'@....
 0180 8327c4fe 93870740 23a0e700 8327c4fe  .'.....@#....'..
 0190 93870710 13071000 23a0e700 73005010  ........#...s.P.
 01a0 8327c4fe 93870710 23a00700 b71f0000  .'......#.......
 01b0 938f0f80 73904f30 8327c4fe 93870720  ....s.O0.'..... 
 01c0 37171020 13070700 23a0e700 8327c4fe  7.. ....#....'..
 01d0 93870730 37070200 13070700 23a0e700  ...07.......#...
 01e0 b7070200 13870700 b7070200 93870700  ................
 01f0 b307f740 93d72740 13871700 8327c4fe  ...@..'@.....'..
 0200 93870740 23a0e700 8327c4fe 93870710  ...@#....'......
 0210 13071000 23a0e700 73005010 8327c4fe  ....#...s.P..'..
 0220 93870710 23a00700 b71f0000 938f0f80  ....#...........
 0230 73904f30 8327c4fe 93870720 37171020  s.O0.'..... 7.. 
 0240 13070700 23a0e700 8327c4fe 93870730  ....#....'.....0
 0250 37070200 13070700 23a0e700 b7070200  7.......#.......
 0260 13870700 b7070200 93870700 b307f740  ...............@
 0270 93d72740 13871700 8327c4fe 93870740  ..'@.....'.....@
 0280 23a0e700 8327c4fe 93870710 13071000  #....'..........
 0290 23a0e700 73005010 8327c4fe 93870710  #...s.P..'......
 02a0 23a00700 930f0000 73904f30 13000000  #.......s.O0....
 02b0 0324c101 13010102 67800000           .$......g...    
Contents of section .text1:
 10000 130141f8 23201100 23222100 23243100  ..A.# ..#"!.#$1.
 10010 23264100 23285100 232a6100 232c7100  #&A.#(Q.#*a.#,q.
 10020 232e8100 23209102 2322a102 2324b102  #...# ..#"..#$..
 10030 2326c102 2328d102 232ae102 232cf102  #&..#(..#*..#,..
 10040 232e0103 23201105 23222105 23243105  #...# ..#"!.#$1.
 10050 23264105 23285105 232a6105 232c7105  #&A.#(Q.#*a.#,q.
 10060 232e8105 23209107 2322a107 2324b107  #...# ..#"..#$..
 10070 2326c107 2328d107 232ae107 232cf107  #&..#(..#*..#,..
 10080 83200100 03214100 83218100 0322c100  . ...!A..!..."..
 10090 83220101 03234101 83238101 0324c101  ."...#A..#...$..
 100a0 83240102 03254102 83258102 0326c102  .$...%A..%...&..
 100b0 83260103 03274103 83278103 0328c103  .&...'A..'...(..
 100c0 83280104 03294104 83298104 032ac104  .(...)A..)...*..
 100d0 832a0105 032b4105 832b8105 032cc105  .*...+A..+...,..
 100e0 832c0106 032d4106 832d8106 032ec106  .,...-A..-......
 100f0 832e0107 032f4107 832f8107 1301c107  ...../A../......
 10100 73002030 1301c1ff 23208100 17040f20  s. 0....# ..... 
 10110 130444ef 9302f0ff 1303f0ff b3826200  ..D...........b.
 10120 b3826200 b3826200 b3826200 b3826200  ..b...b...b...b.
 10130 1303e0ff b3025300 b3025300 b3025300  ......S...S...S.
 10140 b3025300 b3025300 23205400 13044400  ..S...S.# T...D.
 10150 93020000 1303f0ff b3826240 b3826240  ..........b@..b@
 10160 b3826240 b3826240 b3826240 1303d0ff  ..b@..b@..b@....
 10170 b3025340 b3025340 b3025340 b3025340  ..S@..S@..S@..S@
 10180 b3025340 23205400 13044400 93021000  ..S@# T...D.....
 10190 13031000 b3926200 b3926200 b3926200  ......b...b...b.
 101a0 b3926200 b3926200 13032000 b3125300  ..b...b... ...S.
 101b0 b3125300 b3125300 b3125300 b3125300  ..S...S...S...S.
 101c0 23205400 13044400 9302f0ff 13031000  # T...D.........
 101d0 b3a26200 b3a26200 b3a26200 b3a26200  ..b...b...b...b.
 101e0 b3a26200 1303f0ff b3225300 b3225300  ..b......"S.."S.
 101f0 b3225300 b3225300 b3225300 23205400  ."S.."S.."S.# T.
 10200 13044400 9302f0ff 13031000 b3b26200  ..D...........b.
 10210 b3b26200 b3b26200 b3b26200 b3b26200  ..b...b...b...b.
 10220 b3b26200 13030000 b3325300 b3325300  ..b......2S..2S.
 10230 b3325300 b3325300 b3325300 23205400  .2S..2S..2S.# T.
 10240 13044400 9302f0ff 37f3f0f0 1303030f  ..D.....7.......
 10250 b3c26200 b3c26200 b3c26200 b3c26200  ..b...b...b...b.
 10260 b3c26200 37737777 13037377 b3425300  ..b.7sww..sw.BS.
 10270 b3425300 b3425300 b3425300 b3425300  .BS..BS..BS..BS.
 10280 23205400 13044400 9302f0ff 37b3ec75  # T...D.....7..u
 10290 13034386 b3d26200 b3d26200 b3d26200  ..C...b...b...b.
 102a0 b3d26200 b3d26200 37533412 13038367  ..b...b.7S4....g
 102b0 b3525300 b3525300 b3525300 b3525300  .RS..RS..RS..RS.
 102c0 b3525300 23205400 13044400 b7426587  .RS.# T...D..Be.
 102d0 93821232 13034000 b3d26240 b3d26240  ...2..@...b@..b@
 102e0 b3d26240 b3d26240 b3d26240 37737777  ..b@..b@..b@7sww
 102f0 13037377 b3525340 b3525340 b3525340  ..sw.RS@.RS@.RS@
 10300 b3525340 b3525340 23205400 13044400  .RS@.RS@# T...D.
 10310 b7523412 93828267 37c3dcfe 130383a9  .R4....g7.......
 10320 b3e26200 b3e26200 b3e26200 b3e26200  ..b...b...b...b.
 10330 b3e26200 37034062 13035328 b3625300  ..b.7.@b..S(.bS.
 10340 b3625300 b3625300 b3625300 b3625300  .bS..bS..bS..bS.
 10350 23205400 13044400 b7523412 93828267  # T...D..R4....g
 10360 1303f0ff b3f26200 b3f26200 b3f26200  ......b...b...b.
 10370 b3f26200 b3f26200 37f3f0f0 1303030f  ..b...b.7.......
 10380 b3725300 b3725300 b3725300 b3725300  .rS..rS..rS..rS.
 10390 b3725300 23205400 13044400 17130000  .rS.# T...D.....
 103a0 1303038e 83220300 1301c1fe 23205100  ....."......# Q.
 103b0 93020100 23225100 93024100 23245100  ....#"Q...A.#$Q.
 103c0 93028100 23265100 9302c100 23285100  ....#&Q.....#(Q.
 103d0 93020101 83a20200 83a20200 83a20200  ................
 103e0 83a20200 83a20200 13014101 0323c1ff  ..........A..#..
 103f0 832381ff 032e41ff 832e01ff 032fc1fe  .#....A....../..
 10400 3303d301 b383c301 33037340 3303e301  3.......3.s@3...
 10410 b3826200 13040401 232854fe 030304ff  ..b.....#(T.....
 10420 831304ff 034e04ff 835e04ff 232a64fe  .....N...^..#*d.
 10430 232c74fe 232ec4ff 2320d401 13044400  #,t.#...# ....D.
 10440 9302f0ff 9382f2ff 93825276 93828288  ..........Rv....
 10450 93822243 9382c2ab 13031052 930323ce  .."C.......R..#.
 10460 130eb313 930e9349 130f1380 930f83a6  .......I........
 10470 b383c301 b38eee01 b382f201 b383d301  ................
 10480 b3827200 23205400 13044400 9302f0ff  ..r.# T...D.....
 10490 93a2f2ff 93a2823e 93a20283 93a21200  .......>........
 104a0 93a27245 130360c6 932343c9 132eb322  ..rE..`..#C...."
 104b0 932e4383 132f0300 932f63c6 b383c301  ..C../.../c.....
 104c0 b38eee01 b382f201 b383d301 b3827200  ..............r.
 104d0 23205400 13044400 9302e0ff 93b2f2ff  # T...D.........
 104e0 93b2823e 93b20283 93b212f0 93b21200  ...>............
 104f0 37c3aaaa 1303b3bb 933343c9 133eb322  7........3C..>."
 10500 933e4383 133f0300 933f63c6 b383c301  .>C..?...?c.....
 10510 b38eee01 b382f201 b383d301 b3827200  ..............r.
 10520 23205400 13044400 9302f0ff 93c2b207  # T...D.........
 10530 93c25297 93c212cc 93c2127f 93c2324a  ..R...........2J
 10540 13037038 934333ee 134e430a 934e636e  ..p8.C3..NC..Ncn
 10550 134f9389 934f934b b383c301 b38eee01  .O...O.K........
 10560 b382f201 b383d301 b3827200 23205400  ..........r.# T.
 10570 13044400 93021000 93e2c21b 93e2526e  ..D...........Rn
 10580 93e2d2ed 93e2c209 93e22250 13033078  .........."P..0x
 10590 9363d311 136ec3f5 936ea391 136f7376  .c...n...n...osv
 105a0 936f73b4 b383c301 b38eee01 b382f201  .os.............
 105b0 b383d301 b3827200 23205400 13044400  ......r.# T...D.
 105c0 b7f2cdab 938282f9 93f232eb 93f242f4  ..........2...B.
 105d0 93f29220 93f272e8 93f25235 37533412  ... ..r...R57S4.
 105e0 13038367 9373137f 137ea30d 937e43ec  ...g.s...~...~C.
 105f0 137ff34a 937f93cf b383c301 b38eee01  ...J............
 10600 b382f201 b383d301 b3827200 23205400  ..........r.# T.
 10610 13044400 9302a000 93922200 93925200  ..D......."...R.
 10620 93927200 9392a200 93926200 3743b21a  ..r.......b.7C..
 10630 130343cd 9313f300 131e6300 931ec301  ..C.......c.....
 10640 131f1301 931f7300 b383c301 b38eee01  ......s.........
 10650 b382f201 b383d301 b3827200 23205400  ..........r.# T.
 10660 13044400 b7c2b2a1 9382423d 93d23200  ..D.......B=..2.
 10670 93d24200 93d26200 93d2b200 93d27200  ..B...b.......r.
 10680 3783bfaa 1303c390 93539301 135e0301  7........S...^..
 10690 935e2301 135fb301 935f1301 b383c301  .^#.._..._......
 106a0 b38eee01 b382f201 b383d301 b3827200  ..............r.
 106b0 23205400 13044400 b7c2b2a1 9382423d  # T...D.......B=
 106c0 93d25240 93d22240 93d28240 93d29240  ..R@.."@...@...@
 106d0 93d24240 3783bfaa 1303c390 9353d340  ..B@7........S.@
 106e0 135e8340 935e9340 135fe340 935f4340  .^.@.^.@._.@._C@
 106f0 b383c301 b38eee01 b382f201 b383d301  ................
 10700 b3827200 23205400 13044400 b7f2ffff  ..r.# T...D.....
 10710 17030000 13030302 67030300 93e21200  ........g.......
 10720 67034300 93e24200 67034300 93e20201  g.C...B.g.C.....
 10730 67034300 93e21200 67034300 93e28200  g.C.....g.C.....
 10740 17030000 13030303 e70303fe 93e20202  ................
 10750 670e83fe 93e20204 e70e03ff 93e20208  g...............
 10760 670f83ff 93e20210 e70f0300 93e20220  g.............. 
 10770 b383c341 b38eee41 b38f6f40 b383d301  ...A...A..o@....
 10780 3383f301 b3926200 23205400 13044400  3.....b.# T...D.
 10790 9302f000 1303000f b7130000 938303f0  ................
 107a0 37fe0000 b75e3412 938e8e67 13044401  7....^4....g..D.
 107b0 232e54fe 232c64fe 232a74fe 2328c4ff  #.T.#,d.#*t.#(..
 107c0 2326d4ff 13044401 032f84fd 832e04ff  #&....D../......
 107d0 232ee4ff 230ce4ff 231ae4ff a309e4ff  #...#...#.......
 107e0 2317e4ff 832204ff 0323c4fe b3035300  #...."...#....S.
 107f0 13044400 232e74fe b7f2ffff 37f3ffff  ..D.#.t.....7...
 10800 37130000 130303ff 638c6202 638a6202  7.......c.b.c.b.
 10810 63886202 63866202 63846202 37f3ffff  c.b.c.b.c.b.7...
 10820 37130000 1303f3ff 630c5300 630a5300  7.......c.S.c.S.
 10830 63085300 63065300 63045300 6f008000  c.S.c.S.c.S.o...
 10840 93e21200 1343f3ff 63846200 93e22200  .....C..c.b...".
 10850 23205400 13044400 b7f2ffff 37130000  # T...D.....7...
 10860 130303ff 37f3ffff 639c6202 639a6202  ....7...c.b.c.b.
 10870 63986202 63966202 63946202 37130000  c.b.c.b.c.b.7...
 10880 1303f3ff 37f3ffff 631c5300 631a5300  ....7...c.S.c.S.
 10890 63185300 63165300 63145300 6f008000  c.S.c.S.c.S.o...
 108a0 93e21200 1343f3ff 63946200 93e22200  .....C..c.b...".
 108b0 23205400 13044400 b7f2ffff 37130000  # T...D.....7...
 108c0 130303ff 1383c2ff 63cc6202 63ca6202  ........c.b.c.b.
 108d0 63c86202 63c66202 63c46202 37130000  c.b.c.b.c.b.7...
 108e0 1303f3ff 13834200 634c5300 634a5300  ......B.cLS.cJS.
 108f0 63485300 63465300 63445300 6f008000  cHS.cFS.cDS.o...
 10900 93e21200 37130000 1303f3ff 63c46200  ....7.......c.b.
 10910 93e22200 13830200 63c46200 6f008000  ..".....c.b.o...
 10920 93e24200 37f3ffff 1303e3ee 63c46200  ..B.7.......c.b.
 10930 6f008000 93e28200 23205400 13044400  o.......# T...D.
 10940 b7f2ffff 37f3ffff 13834200 63da6202  ....7.....B.c.b.
 10950 63d86202 63d66202 63d46202 63d26202  c.b.c.b.c.b.c.b.
 10960 3703ffff 1383c2ff 635c5300 635a5300  7.......c\S.cZS.
 10970 63585300 63565300 63545300 6f008000  cXS.cVS.cTS.o...
 10980 93e21200 37130000 1303f3ff 63d46200  ....7.......c.b.
 10990 6f008000 93e22200 13830200 63d46200  o.....".....c.b.
 109a0 93e24200 37f3ffff 1303e3ee 63d46200  ..B.7.......c.b.
 109b0 93e28200 23205400 13044400 b7f2ffff  ....# T...D.....
 109c0 130300f0 1383c2ff 63ea6202 63e86202  ........c.b.c.b.
 109d0 63e66202 63e46202 63e26202 1303f0ff  c.b.c.b.c.b.....
 109e0 13834200 636c5300 636a5300 63685300  ..B.clS.cjS.chS.
 109f0 63665300 63645300 6f008000 93e21200  cfS.cdS.o.......
 10a00 1303f0ff 63e46200 93e22200 13830200  ....c.b...".....
 10a10 63e46200 6f008000 93e24200 37130000  c.b.o.....B.7...
 10a20 1303f3ff 63e46200 6f008000 93e28200  ....c.b.o.......
 10a30 23205400 13044400 b7f2ffff 37f3ffff  # T...D.....7...
 10a40 13834200 63fc6202 63fa6202 63f86202  ..B.c.b.c.b.c.b.
 10a50 63f66202 63f46202 37130000 1303f3ff  c.b.c.b.7.......
 10a60 1383c2ff 637c5300 637a5300 63785300  ....c|S.czS.cxS.
 10a70 63765300 63745300 6f008000 93e21200  cvS.ctS.o.......
 10a80 1303f0ff 63f46200 6f008000 93e22200  ....c.b.o.....".
 10a90 13830200 63f46200 93e24200 37130000  ....c.b...B.7...
 10aa0 1303f3ff 63f46200 93e28200 23205400  ....c.b.....# T.
 10ab0 13044400 97020000 17f3ffff 97935713  ..D...........W.
 10ac0 33037300 b3826200 23205400 13044400  3.s...b.# T...D.
 10ad0 b7020000 37f3ffff b7935713 33037300  ....7.....W.3.s.
 10ae0 b3826200 23205400 13044400 b7f2ffff  ..b.# T...D.....
 10af0 6f038000 93e21200 97030000 93830300  o...............
 10b00 33836340 b3826200 23205400 13044400  3.c@..b.# T...D.
 10b10 b7020f00 93828200 73900230 f3130030  ........s..0...0
 10b20 731e0030 3383c301 23206400 13044400  s..03...# d...D.
 10b30 b7120000 938222a3 73904230 f3134030  ......".s.B0..@0
 10b40 731e4030 3383c301 23206400 13044400  s.@03...# d...D.
 10b50 b7520e00 9382020f 73905230 f3135030  .R......s.R0..P0
 10b60 731e5030 3383c301 23206400 13044400  s.P03...# d...D.
 10b70 b7520e00 9382020f 73901234 f3131034  .R......s..4...4
 10b80 731e1034 3383c301 23206400 13044400  s..43...# d...D.
 10b90 b7120000 9382f2ff 73904234 f3134034  ........s.B4..@4
 10ba0 731e4034 3383c301 23206400 13044400  s.@43...# d...D.
 10bb0 73d00430 73130030 23206400 13044400  s..0s..0# d...D.
 10bc0 73505030 73135030 23206400 13044400  sPP0s.P0# d...D.
 10bd0 73501834 73131034 23206400 13044400  sP.4s..4# d...D.
 10be0 73d04734 73134034 23206400 13044400  s.G4s.@4# d...D.
 10bf0 b7020f00 93828200 37030f00 13038300  ........7.......
 10c00 73900230 f3220330 f3130030 23207400  s..0.".0...0# t.
 10c10 13044400 b7020f00 93828200 73900230  ..D.........s..0
 10c20 f3e20430 f3130030 23207400 13044400  ...0...0# t...D.
 10c30 b7220f00 93828288 37230f00 13030388  ."......7#......
 10c40 73900230 f3320330 f3130030 23207400  s..0.2.0...0# t.
 10c50 13044400 b7220f00 93828288 73900230  ..D.."......s..0
 10c60 f3f20430 f3130030 23207400 13044400  ...0...0# t...D.
 10c70 03240100 13014100 67800000           .$....A.g...    
Contents of section .rodata:
 10c7c 66666666                             ffff            
Contents of section .comment:
 0000 4743433a 2028474e 55292031 312e312e  GCC: (GNU) 11.1.
 0010 3000                                 0.              
Contents of section .riscv.attributes:
 0000 411f0000 00726973 63760001 15000000  A....riscv......
 0010 04100572 76333269 32703000 08010a0b  ...rv32i2p0.....

Disassembly of section .text0:

00000000 <_start>:
   0:	00000093          	li	ra,0
   4:	00000113          	li	sp,0
   8:	00000193          	li	gp,0
   c:	00000213          	li	tp,0
  10:	00000293          	li	t0,0
  14:	00000313          	li	t1,0
  18:	00000393          	li	t2,0
  1c:	00000413          	li	s0,0
  20:	00000493          	li	s1,0
  24:	00000513          	li	a0,0
  28:	00000593          	li	a1,0
  2c:	00000613          	li	a2,0
  30:	00000693          	li	a3,0
  34:	00000713          	li	a4,0
  38:	00000793          	li	a5,0
  3c:	00000813          	li	a6,0
  40:	00000893          	li	a7,0
  44:	00000913          	li	s2,0
  48:	00000993          	li	s3,0
  4c:	00000a13          	li	s4,0
  50:	00000a93          	li	s5,0
  54:	00000b13          	li	s6,0
  58:	00000b93          	li	s7,0
  5c:	00000c13          	li	s8,0
  60:	00000c93          	li	s9,0
  64:	00000d13          	li	s10,0
  68:	00000d93          	li	s11,0
  6c:	00000e13          	li	t3,0
  70:	00000e93          	li	t4,0
  74:	00000f13          	li	t5,0
  78:	00000f93          	li	t6,0
  7c:	00020197          	auipc	gp,0x20
  80:	78418193          	addi	gp,gp,1924 # 20800 <_gp>

00000084 <init_bss>:
  84:	00020517          	auipc	a0,0x20
  88:	f7c50513          	addi	a0,a0,-132 # 20000 <__bss_end>
  8c:	00020597          	auipc	a1,0x20
  90:	f7058593          	addi	a1,a1,-144 # 1fffc <__rodata_end+0xf37c>
  94:	00000613          	li	a2,0
  98:	070000ef          	jal	ra,108 <fill_block>

0000009c <init_sbss>:
  9c:	00020517          	auipc	a0,0x20
  a0:	f6450513          	addi	a0,a0,-156 # 20000 <__bss_end>
  a4:	00020597          	auipc	a1,0x20
  a8:	f5858593          	addi	a1,a1,-168 # 1fffc <__rodata_end+0xf37c>
  ac:	00000613          	li	a2,0
  b0:	058000ef          	jal	ra,108 <fill_block>

000000b4 <write_stack_pattern>:
  b4:	00020517          	auipc	a0,0x20
  b8:	f4c50513          	addi	a0,a0,-180 # 20000 <__bss_end>
  bc:	00021597          	auipc	a1,0x21
  c0:	f4058593          	addi	a1,a1,-192 # 20ffc <_gp+0x7fc>
  c4:	00000613          	li	a2,0
  c8:	040000ef          	jal	ra,108 <fill_block>

000000cc <init_stack>:
  cc:	00021117          	auipc	sp,0x21
  d0:	f3410113          	addi	sp,sp,-204 # 21000 <__stack>

000000d4 <write_test_pattern>:
  d4:	20100517          	auipc	a0,0x20100
  d8:	f2c50513          	addi	a0,a0,-212 # 20100000 <_test_start>
  dc:	20101597          	auipc	a1,0x20101
  e0:	f2058593          	addi	a1,a1,-224 # 20100ffc <_test_start+0xffc>
  e4:	00000613          	li	a2,0
  e8:	020000ef          	jal	ra,108 <fill_block>

000000ec <SystemInit>:
  ec:	030000ef          	jal	ra,11c <boot>
  f0:	014100ef          	jal	ra,10104 <main>

000000f4 <SystemExit>:
  f4:	00030297          	auipc	t0,0x30
  f8:	f0828293          	addi	t0,t0,-248 # 2fffc <_sim_end>
  fc:	fff00313          	li	t1,-1
 100:	0062a023          	sw	t1,0(t0)

00000104 <dead_loop>:
 104:	0000006f          	j	104 <dead_loop>

00000108 <fill_block>:
 108:	00a5e863          	bltu	a1,a0,118 <fb_end>
 10c:	00c52023          	sw	a2,0(a0)
 110:	00450513          	addi	a0,a0,4
 114:	ff5ff06f          	j	108 <fill_block>

00000118 <fb_end>:
 118:	00008067          	ret

0000011c <boot>:
 11c:	fe010113          	addi	sp,sp,-32
 120:	00812e23          	sw	s0,28(sp)
 124:	02010413          	addi	s0,sp,32
 128:	100207b7          	lui	a5,0x10020
 12c:	fef42623          	sw	a5,-20(s0)
 130:	00001fb7          	lui	t6,0x1
 134:	800f8f93          	addi	t6,t6,-2048 # 800 <boot+0x6e4>
 138:	304f9073          	csrw	mie,t6
 13c:	fec42783          	lw	a5,-20(s0)
 140:	20078793          	addi	a5,a5,512 # 10020200 <_end+0xfff0200>
 144:	20000737          	lui	a4,0x20000
 148:	00070713          	mv	a4,a4
 14c:	00e7a023          	sw	a4,0(a5)
 150:	fec42783          	lw	a5,-20(s0)
 154:	30078793          	addi	a5,a5,768
 158:	00010737          	lui	a4,0x10
 15c:	00070713          	mv	a4,a4
 160:	00e7a023          	sw	a4,0(a5)
 164:	200017b7          	lui	a5,0x20001
 168:	c8078713          	addi	a4,a5,-896 # 20000c80 <_dram_i_end>
 16c:	200007b7          	lui	a5,0x20000
 170:	00078793          	mv	a5,a5
 174:	40f707b3          	sub	a5,a4,a5
 178:	4027d793          	srai	a5,a5,0x2
 17c:	00178713          	addi	a4,a5,1 # 20000001 <_dram_i_start+0x1>
 180:	fec42783          	lw	a5,-20(s0)
 184:	40078793          	addi	a5,a5,1024
 188:	00e7a023          	sw	a4,0(a5)
 18c:	fec42783          	lw	a5,-20(s0)
 190:	10078793          	addi	a5,a5,256
 194:	00100713          	li	a4,1
 198:	00e7a023          	sw	a4,0(a5)
 19c:	10500073          	wfi
 1a0:	fec42783          	lw	a5,-20(s0)
 1a4:	10078793          	addi	a5,a5,256
 1a8:	0007a023          	sw	zero,0(a5)
 1ac:	00001fb7          	lui	t6,0x1
 1b0:	800f8f93          	addi	t6,t6,-2048 # 800 <boot+0x6e4>
 1b4:	304f9073          	csrw	mie,t6
 1b8:	fec42783          	lw	a5,-20(s0)
 1bc:	20078793          	addi	a5,a5,512
 1c0:	20101737          	lui	a4,0x20101
 1c4:	00070713          	mv	a4,a4
 1c8:	00e7a023          	sw	a4,0(a5)
 1cc:	fec42783          	lw	a5,-20(s0)
 1d0:	30078793          	addi	a5,a5,768
 1d4:	00020737          	lui	a4,0x20
 1d8:	00070713          	mv	a4,a4
 1dc:	00e7a023          	sw	a4,0(a5)
 1e0:	000207b7          	lui	a5,0x20
 1e4:	00078713          	mv	a4,a5
 1e8:	000207b7          	lui	a5,0x20
 1ec:	00078793          	mv	a5,a5
 1f0:	40f707b3          	sub	a5,a4,a5
 1f4:	4027d793          	srai	a5,a5,0x2
 1f8:	00178713          	addi	a4,a5,1 # 20001 <__bss_end+0x1>
 1fc:	fec42783          	lw	a5,-20(s0)
 200:	40078793          	addi	a5,a5,1024
 204:	00e7a023          	sw	a4,0(a5)
 208:	fec42783          	lw	a5,-20(s0)
 20c:	10078793          	addi	a5,a5,256
 210:	00100713          	li	a4,1
 214:	00e7a023          	sw	a4,0(a5)
 218:	10500073          	wfi
 21c:	fec42783          	lw	a5,-20(s0)
 220:	10078793          	addi	a5,a5,256
 224:	0007a023          	sw	zero,0(a5)
 228:	00001fb7          	lui	t6,0x1
 22c:	800f8f93          	addi	t6,t6,-2048 # 800 <boot+0x6e4>
 230:	304f9073          	csrw	mie,t6
 234:	fec42783          	lw	a5,-20(s0)
 238:	20078793          	addi	a5,a5,512
 23c:	20101737          	lui	a4,0x20101
 240:	00070713          	mv	a4,a4
 244:	00e7a023          	sw	a4,0(a5)
 248:	fec42783          	lw	a5,-20(s0)
 24c:	30078793          	addi	a5,a5,768
 250:	00020737          	lui	a4,0x20
 254:	00070713          	mv	a4,a4
 258:	00e7a023          	sw	a4,0(a5)
 25c:	000207b7          	lui	a5,0x20
 260:	00078713          	mv	a4,a5
 264:	000207b7          	lui	a5,0x20
 268:	00078793          	mv	a5,a5
 26c:	40f707b3          	sub	a5,a4,a5
 270:	4027d793          	srai	a5,a5,0x2
 274:	00178713          	addi	a4,a5,1 # 20001 <__bss_end+0x1>
 278:	fec42783          	lw	a5,-20(s0)
 27c:	40078793          	addi	a5,a5,1024
 280:	00e7a023          	sw	a4,0(a5)
 284:	fec42783          	lw	a5,-20(s0)
 288:	10078793          	addi	a5,a5,256
 28c:	00100713          	li	a4,1
 290:	00e7a023          	sw	a4,0(a5)
 294:	10500073          	wfi
 298:	fec42783          	lw	a5,-20(s0)
 29c:	10078793          	addi	a5,a5,256
 2a0:	0007a023          	sw	zero,0(a5)
 2a4:	00000f93          	li	t6,0
 2a8:	304f9073          	csrw	mie,t6
 2ac:	00000013          	nop
 2b0:	01c12403          	lw	s0,28(sp)
 2b4:	02010113          	addi	sp,sp,32
 2b8:	00008067          	ret

Disassembly of section .text1:

00010000 <_imem_start>:
   10000:	f8410113          	addi	sp,sp,-124
   10004:	00112023          	sw	ra,0(sp)
   10008:	00212223          	sw	sp,4(sp)
   1000c:	00312423          	sw	gp,8(sp)
   10010:	00412623          	sw	tp,12(sp)
   10014:	00512823          	sw	t0,16(sp)
   10018:	00612a23          	sw	t1,20(sp)
   1001c:	00712c23          	sw	t2,24(sp)
   10020:	00812e23          	sw	s0,28(sp)
   10024:	02912023          	sw	s1,32(sp)
   10028:	02a12223          	sw	a0,36(sp)
   1002c:	02b12423          	sw	a1,40(sp)
   10030:	02c12623          	sw	a2,44(sp)
   10034:	02d12823          	sw	a3,48(sp)
   10038:	02e12a23          	sw	a4,52(sp)
   1003c:	02f12c23          	sw	a5,56(sp)
   10040:	03012e23          	sw	a6,60(sp)
   10044:	05112023          	sw	a7,64(sp)
   10048:	05212223          	sw	s2,68(sp)
   1004c:	05312423          	sw	s3,72(sp)
   10050:	05412623          	sw	s4,76(sp)
   10054:	05512823          	sw	s5,80(sp)
   10058:	05612a23          	sw	s6,84(sp)
   1005c:	05712c23          	sw	s7,88(sp)
   10060:	05812e23          	sw	s8,92(sp)
   10064:	07912023          	sw	s9,96(sp)
   10068:	07a12223          	sw	s10,100(sp)
   1006c:	07b12423          	sw	s11,104(sp)
   10070:	07c12623          	sw	t3,108(sp)
   10074:	07d12823          	sw	t4,112(sp)
   10078:	07e12a23          	sw	t5,116(sp)
   1007c:	07f12c23          	sw	t6,120(sp)
   10080:	00012083          	lw	ra,0(sp)
   10084:	00412103          	lw	sp,4(sp)
   10088:	00812183          	lw	gp,8(sp)
   1008c:	00c12203          	lw	tp,12(sp)
   10090:	01012283          	lw	t0,16(sp)
   10094:	01412303          	lw	t1,20(sp)
   10098:	01812383          	lw	t2,24(sp)
   1009c:	01c12403          	lw	s0,28(sp)
   100a0:	02012483          	lw	s1,32(sp)
   100a4:	02412503          	lw	a0,36(sp)
   100a8:	02812583          	lw	a1,40(sp)
   100ac:	02c12603          	lw	a2,44(sp)
   100b0:	03012683          	lw	a3,48(sp)
   100b4:	03412703          	lw	a4,52(sp)
   100b8:	03812783          	lw	a5,56(sp)
   100bc:	03c12803          	lw	a6,60(sp)
   100c0:	04012883          	lw	a7,64(sp)
   100c4:	04412903          	lw	s2,68(sp)
   100c8:	04812983          	lw	s3,72(sp)
   100cc:	04c12a03          	lw	s4,76(sp)
   100d0:	05012a83          	lw	s5,80(sp)
   100d4:	05412b03          	lw	s6,84(sp)
   100d8:	05812b83          	lw	s7,88(sp)
   100dc:	05c12c03          	lw	s8,92(sp)
   100e0:	06012c83          	lw	s9,96(sp)
   100e4:	06412d03          	lw	s10,100(sp)
   100e8:	06812d83          	lw	s11,104(sp)
   100ec:	06c12e03          	lw	t3,108(sp)
   100f0:	07012e83          	lw	t4,112(sp)
   100f4:	07412f03          	lw	t5,116(sp)
   100f8:	07812f83          	lw	t6,120(sp)
   100fc:	07c10113          	addi	sp,sp,124
   10100:	30200073          	mret

00010104 <main>:
   10104:	ffc10113          	addi	sp,sp,-4
   10108:	00812023          	sw	s0,0(sp)
   1010c:	200f0417          	auipc	s0,0x200f0
   10110:	ef440413          	addi	s0,s0,-268 # 20100000 <_test_start>

00010114 <add>:
   10114:	fff00293          	li	t0,-1
   10118:	fff00313          	li	t1,-1
   1011c:	006282b3          	add	t0,t0,t1
   10120:	006282b3          	add	t0,t0,t1
   10124:	006282b3          	add	t0,t0,t1
   10128:	006282b3          	add	t0,t0,t1
   1012c:	006282b3          	add	t0,t0,t1
   10130:	ffe00313          	li	t1,-2
   10134:	005302b3          	add	t0,t1,t0
   10138:	005302b3          	add	t0,t1,t0
   1013c:	005302b3          	add	t0,t1,t0
   10140:	005302b3          	add	t0,t1,t0
   10144:	005302b3          	add	t0,t1,t0
   10148:	00542023          	sw	t0,0(s0)
   1014c:	00440413          	addi	s0,s0,4

00010150 <sub>:
   10150:	00000293          	li	t0,0
   10154:	fff00313          	li	t1,-1
   10158:	406282b3          	sub	t0,t0,t1
   1015c:	406282b3          	sub	t0,t0,t1
   10160:	406282b3          	sub	t0,t0,t1
   10164:	406282b3          	sub	t0,t0,t1
   10168:	406282b3          	sub	t0,t0,t1
   1016c:	ffd00313          	li	t1,-3
   10170:	405302b3          	sub	t0,t1,t0
   10174:	405302b3          	sub	t0,t1,t0
   10178:	405302b3          	sub	t0,t1,t0
   1017c:	405302b3          	sub	t0,t1,t0
   10180:	405302b3          	sub	t0,t1,t0
   10184:	00542023          	sw	t0,0(s0)
   10188:	00440413          	addi	s0,s0,4

0001018c <sll>:
   1018c:	00100293          	li	t0,1
   10190:	00100313          	li	t1,1
   10194:	006292b3          	sll	t0,t0,t1
   10198:	006292b3          	sll	t0,t0,t1
   1019c:	006292b3          	sll	t0,t0,t1
   101a0:	006292b3          	sll	t0,t0,t1
   101a4:	006292b3          	sll	t0,t0,t1
   101a8:	00200313          	li	t1,2
   101ac:	005312b3          	sll	t0,t1,t0
   101b0:	005312b3          	sll	t0,t1,t0
   101b4:	005312b3          	sll	t0,t1,t0
   101b8:	005312b3          	sll	t0,t1,t0
   101bc:	005312b3          	sll	t0,t1,t0
   101c0:	00542023          	sw	t0,0(s0)
   101c4:	00440413          	addi	s0,s0,4

000101c8 <slt>:
   101c8:	fff00293          	li	t0,-1
   101cc:	00100313          	li	t1,1
   101d0:	0062a2b3          	slt	t0,t0,t1
   101d4:	0062a2b3          	slt	t0,t0,t1
   101d8:	0062a2b3          	slt	t0,t0,t1
   101dc:	0062a2b3          	slt	t0,t0,t1
   101e0:	0062a2b3          	slt	t0,t0,t1
   101e4:	fff00313          	li	t1,-1
   101e8:	005322b3          	slt	t0,t1,t0
   101ec:	005322b3          	slt	t0,t1,t0
   101f0:	005322b3          	slt	t0,t1,t0
   101f4:	005322b3          	slt	t0,t1,t0
   101f8:	005322b3          	slt	t0,t1,t0
   101fc:	00542023          	sw	t0,0(s0)
   10200:	00440413          	addi	s0,s0,4

00010204 <sltu>:
   10204:	fff00293          	li	t0,-1
   10208:	00100313          	li	t1,1
   1020c:	0062b2b3          	sltu	t0,t0,t1
   10210:	0062b2b3          	sltu	t0,t0,t1
   10214:	0062b2b3          	sltu	t0,t0,t1
   10218:	0062b2b3          	sltu	t0,t0,t1
   1021c:	0062b2b3          	sltu	t0,t0,t1
   10220:	0062b2b3          	sltu	t0,t0,t1
   10224:	00000313          	li	t1,0
   10228:	005332b3          	sltu	t0,t1,t0
   1022c:	005332b3          	sltu	t0,t1,t0
   10230:	005332b3          	sltu	t0,t1,t0
   10234:	005332b3          	sltu	t0,t1,t0
   10238:	005332b3          	sltu	t0,t1,t0
   1023c:	00542023          	sw	t0,0(s0)
   10240:	00440413          	addi	s0,s0,4

00010244 <xor>:
   10244:	fff00293          	li	t0,-1
   10248:	f0f0f337          	lui	t1,0xf0f0f
   1024c:	0f030313          	addi	t1,t1,240 # f0f0f0f0 <__data_paddr_start+0xd0e0e0f0>
   10250:	0062c2b3          	xor	t0,t0,t1
   10254:	0062c2b3          	xor	t0,t0,t1
   10258:	0062c2b3          	xor	t0,t0,t1
   1025c:	0062c2b3          	xor	t0,t0,t1
   10260:	0062c2b3          	xor	t0,t0,t1
   10264:	77777337          	lui	t1,0x77777
   10268:	77730313          	addi	t1,t1,1911 # 77777777 <__data_paddr_start+0x57676777>
   1026c:	005342b3          	xor	t0,t1,t0
   10270:	005342b3          	xor	t0,t1,t0
   10274:	005342b3          	xor	t0,t1,t0
   10278:	005342b3          	xor	t0,t1,t0
   1027c:	005342b3          	xor	t0,t1,t0
   10280:	00542023          	sw	t0,0(s0)
   10284:	00440413          	addi	s0,s0,4

00010288 <srl>:
   10288:	fff00293          	li	t0,-1
   1028c:	75ecb337          	lui	t1,0x75ecb
   10290:	86430313          	addi	t1,t1,-1948 # 75eca864 <__data_paddr_start+0x55dc9864>
   10294:	0062d2b3          	srl	t0,t0,t1
   10298:	0062d2b3          	srl	t0,t0,t1
   1029c:	0062d2b3          	srl	t0,t0,t1
   102a0:	0062d2b3          	srl	t0,t0,t1
   102a4:	0062d2b3          	srl	t0,t0,t1
   102a8:	12345337          	lui	t1,0x12345
   102ac:	67830313          	addi	t1,t1,1656 # 12345678 <_end+0x12315678>
   102b0:	005352b3          	srl	t0,t1,t0
   102b4:	005352b3          	srl	t0,t1,t0
   102b8:	005352b3          	srl	t0,t1,t0
   102bc:	005352b3          	srl	t0,t1,t0
   102c0:	005352b3          	srl	t0,t1,t0
   102c4:	00542023          	sw	t0,0(s0)
   102c8:	00440413          	addi	s0,s0,4

000102cc <sra>:
   102cc:	876542b7          	lui	t0,0x87654
   102d0:	32128293          	addi	t0,t0,801 # 87654321 <__data_paddr_start+0x67553321>
   102d4:	00400313          	li	t1,4
   102d8:	4062d2b3          	sra	t0,t0,t1
   102dc:	4062d2b3          	sra	t0,t0,t1
   102e0:	4062d2b3          	sra	t0,t0,t1
   102e4:	4062d2b3          	sra	t0,t0,t1
   102e8:	4062d2b3          	sra	t0,t0,t1
   102ec:	77777337          	lui	t1,0x77777
   102f0:	77730313          	addi	t1,t1,1911 # 77777777 <__data_paddr_start+0x57676777>
   102f4:	405352b3          	sra	t0,t1,t0
   102f8:	405352b3          	sra	t0,t1,t0
   102fc:	405352b3          	sra	t0,t1,t0
   10300:	405352b3          	sra	t0,t1,t0
   10304:	405352b3          	sra	t0,t1,t0
   10308:	00542023          	sw	t0,0(s0)
   1030c:	00440413          	addi	s0,s0,4

00010310 <or>:
   10310:	123452b7          	lui	t0,0x12345
   10314:	67828293          	addi	t0,t0,1656 # 12345678 <_end+0x12315678>
   10318:	fedcc337          	lui	t1,0xfedcc
   1031c:	a9830313          	addi	t1,t1,-1384 # fedcba98 <__data_paddr_start+0xdeccaa98>
   10320:	0062e2b3          	or	t0,t0,t1
   10324:	0062e2b3          	or	t0,t0,t1
   10328:	0062e2b3          	or	t0,t0,t1
   1032c:	0062e2b3          	or	t0,t0,t1
   10330:	0062e2b3          	or	t0,t0,t1
   10334:	62400337          	lui	t1,0x62400
   10338:	28530313          	addi	t1,t1,645 # 62400285 <__data_paddr_start+0x422ff285>
   1033c:	005362b3          	or	t0,t1,t0
   10340:	005362b3          	or	t0,t1,t0
   10344:	005362b3          	or	t0,t1,t0
   10348:	005362b3          	or	t0,t1,t0
   1034c:	005362b3          	or	t0,t1,t0
   10350:	00542023          	sw	t0,0(s0)
   10354:	00440413          	addi	s0,s0,4

00010358 <and>:
   10358:	123452b7          	lui	t0,0x12345
   1035c:	67828293          	addi	t0,t0,1656 # 12345678 <_end+0x12315678>
   10360:	fff00313          	li	t1,-1
   10364:	0062f2b3          	and	t0,t0,t1
   10368:	0062f2b3          	and	t0,t0,t1
   1036c:	0062f2b3          	and	t0,t0,t1
   10370:	0062f2b3          	and	t0,t0,t1
   10374:	0062f2b3          	and	t0,t0,t1
   10378:	f0f0f337          	lui	t1,0xf0f0f
   1037c:	0f030313          	addi	t1,t1,240 # f0f0f0f0 <__data_paddr_start+0xd0e0e0f0>
   10380:	005372b3          	and	t0,t1,t0
   10384:	005372b3          	and	t0,t1,t0
   10388:	005372b3          	and	t0,t1,t0
   1038c:	005372b3          	and	t0,t1,t0
   10390:	005372b3          	and	t0,t1,t0
   10394:	00542023          	sw	t0,0(s0)
   10398:	00440413          	addi	s0,s0,4

0001039c <load>:
   1039c:	00001317          	auipc	t1,0x1
   103a0:	8e030313          	addi	t1,t1,-1824 # 10c7c <__rodata_start>
   103a4:	00032283          	lw	t0,0(t1)
   103a8:	fec10113          	addi	sp,sp,-20
   103ac:	00512023          	sw	t0,0(sp)
   103b0:	00010293          	mv	t0,sp
   103b4:	00512223          	sw	t0,4(sp)
   103b8:	00410293          	addi	t0,sp,4
   103bc:	00512423          	sw	t0,8(sp)
   103c0:	00810293          	addi	t0,sp,8
   103c4:	00512623          	sw	t0,12(sp)
   103c8:	00c10293          	addi	t0,sp,12
   103cc:	00512823          	sw	t0,16(sp)
   103d0:	01010293          	addi	t0,sp,16
   103d4:	0002a283          	lw	t0,0(t0)
   103d8:	0002a283          	lw	t0,0(t0)
   103dc:	0002a283          	lw	t0,0(t0)
   103e0:	0002a283          	lw	t0,0(t0)
   103e4:	0002a283          	lw	t0,0(t0)
   103e8:	01410113          	addi	sp,sp,20
   103ec:	ffc12303          	lw	t1,-4(sp)
   103f0:	ff812383          	lw	t2,-8(sp)
   103f4:	ff412e03          	lw	t3,-12(sp)
   103f8:	ff012e83          	lw	t4,-16(sp)
   103fc:	fec12f03          	lw	t5,-20(sp)
   10400:	01d30333          	add	t1,t1,t4
   10404:	01c383b3          	add	t2,t2,t3
   10408:	40730333          	sub	t1,t1,t2
   1040c:	01e30333          	add	t1,t1,t5
   10410:	006282b3          	add	t0,t0,t1
   10414:	01040413          	addi	s0,s0,16
   10418:	fe542823          	sw	t0,-16(s0)
   1041c:	ff040303          	lb	t1,-16(s0)
   10420:	ff041383          	lh	t2,-16(s0)
   10424:	ff044e03          	lbu	t3,-16(s0)
   10428:	ff045e83          	lhu	t4,-16(s0)
   1042c:	fe642a23          	sw	t1,-12(s0)
   10430:	fe742c23          	sw	t2,-8(s0)
   10434:	ffc42e23          	sw	t3,-4(s0)
   10438:	01d42023          	sw	t4,0(s0)
   1043c:	00440413          	addi	s0,s0,4

00010440 <addi>:
   10440:	fff00293          	li	t0,-1
   10444:	fff28293          	addi	t0,t0,-1
   10448:	76528293          	addi	t0,t0,1893
   1044c:	88828293          	addi	t0,t0,-1912
   10450:	43228293          	addi	t0,t0,1074
   10454:	abc28293          	addi	t0,t0,-1348
   10458:	52100313          	li	t1,1313
   1045c:	ce230393          	addi	t2,t1,-798
   10460:	13b30e13          	addi	t3,t1,315
   10464:	49930e93          	addi	t4,t1,1177
   10468:	80130f13          	addi	t5,t1,-2047
   1046c:	a6830f93          	addi	t6,t1,-1432
   10470:	01c383b3          	add	t2,t2,t3
   10474:	01ee8eb3          	add	t4,t4,t5
   10478:	01f282b3          	add	t0,t0,t6
   1047c:	01d383b3          	add	t2,t2,t4
   10480:	007282b3          	add	t0,t0,t2
   10484:	00542023          	sw	t0,0(s0)
   10488:	00440413          	addi	s0,s0,4

0001048c <slti>:
   1048c:	fff00293          	li	t0,-1
   10490:	fff2a293          	slti	t0,t0,-1
   10494:	3e82a293          	slti	t0,t0,1000
   10498:	8302a293          	slti	t0,t0,-2000
   1049c:	0012a293          	slti	t0,t0,1
   104a0:	4572a293          	slti	t0,t0,1111
   104a4:	c6600313          	li	t1,-922
   104a8:	c9432393          	slti	t2,t1,-876
   104ac:	22b32e13          	slti	t3,t1,555
   104b0:	83432e93          	slti	t4,t1,-1996
   104b4:	00032f13          	slti	t5,t1,0
   104b8:	c6632f93          	slti	t6,t1,-922
   104bc:	01c383b3          	add	t2,t2,t3
   104c0:	01ee8eb3          	add	t4,t4,t5
   104c4:	01f282b3          	add	t0,t0,t6
   104c8:	01d383b3          	add	t2,t2,t4
   104cc:	007282b3          	add	t0,t0,t2
   104d0:	00542023          	sw	t0,0(s0)
   104d4:	00440413          	addi	s0,s0,4

000104d8 <sltiu>:
   104d8:	ffe00293          	li	t0,-2
   104dc:	fff2b293          	sltiu	t0,t0,-1
   104e0:	3e82b293          	sltiu	t0,t0,1000
   104e4:	8302b293          	sltiu	t0,t0,-2000
   104e8:	f012b293          	sltiu	t0,t0,-255
   104ec:	0012b293          	seqz	t0,t0
   104f0:	aaaac337          	lui	t1,0xaaaac
   104f4:	bbb30313          	addi	t1,t1,-1093 # aaaabbbb <__data_paddr_start+0x8a9aabbb>
   104f8:	c9433393          	sltiu	t2,t1,-876
   104fc:	22b33e13          	sltiu	t3,t1,555
   10500:	83433e93          	sltiu	t4,t1,-1996
   10504:	00033f13          	sltiu	t5,t1,0
   10508:	c6633f93          	sltiu	t6,t1,-922
   1050c:	01c383b3          	add	t2,t2,t3
   10510:	01ee8eb3          	add	t4,t4,t5
   10514:	01f282b3          	add	t0,t0,t6
   10518:	01d383b3          	add	t2,t2,t4
   1051c:	007282b3          	add	t0,t0,t2
   10520:	00542023          	sw	t0,0(s0)
   10524:	00440413          	addi	s0,s0,4

00010528 <xori>:
   10528:	fff00293          	li	t0,-1
   1052c:	07b2c293          	xori	t0,t0,123
   10530:	9752c293          	xori	t0,t0,-1675
   10534:	cc12c293          	xori	t0,t0,-831
   10538:	7f12c293          	xori	t0,t0,2033
   1053c:	4a32c293          	xori	t0,t0,1187
   10540:	38700313          	li	t1,903
   10544:	ee334393          	xori	t2,t1,-285
   10548:	0a434e13          	xori	t3,t1,164
   1054c:	6e634e93          	xori	t4,t1,1766
   10550:	89934f13          	xori	t5,t1,-1895
   10554:	4b934f93          	xori	t6,t1,1209
   10558:	01c383b3          	add	t2,t2,t3
   1055c:	01ee8eb3          	add	t4,t4,t5
   10560:	01f282b3          	add	t0,t0,t6
   10564:	01d383b3          	add	t2,t2,t4
   10568:	007282b3          	add	t0,t0,t2
   1056c:	00542023          	sw	t0,0(s0)
   10570:	00440413          	addi	s0,s0,4

00010574 <ori>:
   10574:	00100293          	li	t0,1
   10578:	1bc2e293          	ori	t0,t0,444
   1057c:	6e52e293          	ori	t0,t0,1765
   10580:	edd2e293          	ori	t0,t0,-291
   10584:	09c2e293          	ori	t0,t0,156
   10588:	5022e293          	ori	t0,t0,1282
   1058c:	78300313          	li	t1,1923
   10590:	11d36393          	ori	t2,t1,285
   10594:	f5c36e13          	ori	t3,t1,-164
   10598:	91a36e93          	ori	t4,t1,-1766
   1059c:	76736f13          	ori	t5,t1,1895
   105a0:	b4736f93          	ori	t6,t1,-1209
   105a4:	01c383b3          	add	t2,t2,t3
   105a8:	01ee8eb3          	add	t4,t4,t5
   105ac:	01f282b3          	add	t0,t0,t6
   105b0:	01d383b3          	add	t2,t2,t4
   105b4:	007282b3          	add	t0,t0,t2
   105b8:	00542023          	sw	t0,0(s0)
   105bc:	00440413          	addi	s0,s0,4

000105c0 <andi>:
   105c0:	abcdf2b7          	lui	t0,0xabcdf
   105c4:	f9828293          	addi	t0,t0,-104 # abcdef98 <__data_paddr_start+0x8bbddf98>
   105c8:	eb32f293          	andi	t0,t0,-333
   105cc:	f442f293          	andi	t0,t0,-188
   105d0:	2092f293          	andi	t0,t0,521
   105d4:	e872f293          	andi	t0,t0,-377
   105d8:	3552f293          	andi	t0,t0,853
   105dc:	12345337          	lui	t1,0x12345
   105e0:	67830313          	addi	t1,t1,1656 # 12345678 <_end+0x12315678>
   105e4:	7f137393          	andi	t2,t1,2033
   105e8:	0da37e13          	andi	t3,t1,218
   105ec:	ec437e93          	andi	t4,t1,-316
   105f0:	4af37f13          	andi	t5,t1,1199
   105f4:	cf937f93          	andi	t6,t1,-775
   105f8:	01c383b3          	add	t2,t2,t3
   105fc:	01ee8eb3          	add	t4,t4,t5
   10600:	01f282b3          	add	t0,t0,t6
   10604:	01d383b3          	add	t2,t2,t4
   10608:	007282b3          	add	t0,t0,t2
   1060c:	00542023          	sw	t0,0(s0)
   10610:	00440413          	addi	s0,s0,4

00010614 <slli>:
   10614:	00a00293          	li	t0,10
   10618:	00229293          	slli	t0,t0,0x2
   1061c:	00529293          	slli	t0,t0,0x5
   10620:	00729293          	slli	t0,t0,0x7
   10624:	00a29293          	slli	t0,t0,0xa
   10628:	00629293          	slli	t0,t0,0x6
   1062c:	1ab24337          	lui	t1,0x1ab24
   10630:	cd430313          	addi	t1,t1,-812 # 1ab23cd4 <_end+0x1aaf3cd4>
   10634:	00f31393          	slli	t2,t1,0xf
   10638:	00631e13          	slli	t3,t1,0x6
   1063c:	01c31e93          	slli	t4,t1,0x1c
   10640:	01131f13          	slli	t5,t1,0x11
   10644:	00731f93          	slli	t6,t1,0x7
   10648:	01c383b3          	add	t2,t2,t3
   1064c:	01ee8eb3          	add	t4,t4,t5
   10650:	01f282b3          	add	t0,t0,t6
   10654:	01d383b3          	add	t2,t2,t4
   10658:	007282b3          	add	t0,t0,t2
   1065c:	00542023          	sw	t0,0(s0)
   10660:	00440413          	addi	s0,s0,4

00010664 <srli>:
   10664:	a1b2c2b7          	lui	t0,0xa1b2c
   10668:	3d428293          	addi	t0,t0,980 # a1b2c3d4 <__data_paddr_start+0x81a2b3d4>
   1066c:	0032d293          	srli	t0,t0,0x3
   10670:	0042d293          	srli	t0,t0,0x4
   10674:	0062d293          	srli	t0,t0,0x6
   10678:	00b2d293          	srli	t0,t0,0xb
   1067c:	0072d293          	srli	t0,t0,0x7
   10680:	aabf8337          	lui	t1,0xaabf8
   10684:	90c30313          	addi	t1,t1,-1780 # aabf790c <__data_paddr_start+0x8aaf690c>
   10688:	01935393          	srli	t2,t1,0x19
   1068c:	01035e13          	srli	t3,t1,0x10
   10690:	01235e93          	srli	t4,t1,0x12
   10694:	01b35f13          	srli	t5,t1,0x1b
   10698:	01135f93          	srli	t6,t1,0x11
   1069c:	01c383b3          	add	t2,t2,t3
   106a0:	01ee8eb3          	add	t4,t4,t5
   106a4:	01f282b3          	add	t0,t0,t6
   106a8:	01d383b3          	add	t2,t2,t4
   106ac:	007282b3          	add	t0,t0,t2
   106b0:	00542023          	sw	t0,0(s0)
   106b4:	00440413          	addi	s0,s0,4

000106b8 <srai>:
   106b8:	a1b2c2b7          	lui	t0,0xa1b2c
   106bc:	3d428293          	addi	t0,t0,980 # a1b2c3d4 <__data_paddr_start+0x81a2b3d4>
   106c0:	4052d293          	srai	t0,t0,0x5
   106c4:	4022d293          	srai	t0,t0,0x2
   106c8:	4082d293          	srai	t0,t0,0x8
   106cc:	4092d293          	srai	t0,t0,0x9
   106d0:	4042d293          	srai	t0,t0,0x4
   106d4:	aabf8337          	lui	t1,0xaabf8
   106d8:	90c30313          	addi	t1,t1,-1780 # aabf790c <__data_paddr_start+0x8aaf690c>
   106dc:	40d35393          	srai	t2,t1,0xd
   106e0:	40835e13          	srai	t3,t1,0x8
   106e4:	40935e93          	srai	t4,t1,0x9
   106e8:	40e35f13          	srai	t5,t1,0xe
   106ec:	40435f93          	srai	t6,t1,0x4
   106f0:	01c383b3          	add	t2,t2,t3
   106f4:	01ee8eb3          	add	t4,t4,t5
   106f8:	01f282b3          	add	t0,t0,t6
   106fc:	01d383b3          	add	t2,t2,t4
   10700:	007282b3          	add	t0,t0,t2
   10704:	00542023          	sw	t0,0(s0)
   10708:	00440413          	addi	s0,s0,4

0001070c <jalr>:
   1070c:	fffff2b7          	lui	t0,0xfffff
   10710:	00000317          	auipc	t1,0x0
   10714:	02030313          	addi	t1,t1,32 # 10730 <jalr+0x24>
   10718:	00030367          	jalr	t1,t1
   1071c:	0012e293          	ori	t0,t0,1
   10720:	00430367          	jalr	t1,4(t1)
   10724:	0042e293          	ori	t0,t0,4
   10728:	00430367          	jalr	t1,4(t1)
   1072c:	0102e293          	ori	t0,t0,16
   10730:	00430367          	jalr	t1,4(t1)
   10734:	0012e293          	ori	t0,t0,1
   10738:	00430367          	jalr	t1,4(t1)
   1073c:	0082e293          	ori	t0,t0,8
   10740:	00000317          	auipc	t1,0x0
   10744:	03030313          	addi	t1,t1,48 # 10770 <jalr+0x64>
   10748:	fe0303e7          	jalr	t2,-32(t1)
   1074c:	0202e293          	ori	t0,t0,32
   10750:	fe830e67          	jalr	t3,-24(t1)
   10754:	0402e293          	ori	t0,t0,64
   10758:	ff030ee7          	jalr	t4,-16(t1)
   1075c:	0802e293          	ori	t0,t0,128
   10760:	ff830f67          	jalr	t5,-8(t1)
   10764:	1002e293          	ori	t0,t0,256
   10768:	00030fe7          	jalr	t6,t1
   1076c:	2002e293          	ori	t0,t0,512
   10770:	41c383b3          	sub	t2,t2,t3
   10774:	41ee8eb3          	sub	t4,t4,t5
   10778:	406f8fb3          	sub	t6,t6,t1
   1077c:	01d383b3          	add	t2,t2,t4
   10780:	01f38333          	add	t1,t2,t6
   10784:	006292b3          	sll	t0,t0,t1
   10788:	00542023          	sw	t0,0(s0)
   1078c:	00440413          	addi	s0,s0,4

00010790 <store>:
   10790:	00f00293          	li	t0,15
   10794:	0f000313          	li	t1,240
   10798:	000013b7          	lui	t2,0x1
   1079c:	f0038393          	addi	t2,t2,-256 # f00 <boot+0xde4>
   107a0:	0000fe37          	lui	t3,0xf
   107a4:	12345eb7          	lui	t4,0x12345
   107a8:	678e8e93          	addi	t4,t4,1656 # 12345678 <_end+0x12315678>
   107ac:	01440413          	addi	s0,s0,20
   107b0:	fe542e23          	sw	t0,-4(s0)
   107b4:	fe642c23          	sw	t1,-8(s0)
   107b8:	fe742a23          	sw	t2,-12(s0)
   107bc:	ffc42823          	sw	t3,-16(s0)
   107c0:	ffd42623          	sw	t4,-20(s0)
   107c4:	01440413          	addi	s0,s0,20
   107c8:	fd842f03          	lw	t5,-40(s0)
   107cc:	ff042e83          	lw	t4,-16(s0)
   107d0:	ffe42e23          	sw	t5,-4(s0)
   107d4:	ffe40c23          	sb	t5,-8(s0)
   107d8:	ffe41a23          	sh	t5,-12(s0)
   107dc:	ffe409a3          	sb	t5,-13(s0)
   107e0:	ffe41723          	sh	t5,-18(s0)
   107e4:	ff042283          	lw	t0,-16(s0)
   107e8:	fec42303          	lw	t1,-20(s0)
   107ec:	005303b3          	add	t2,t1,t0
   107f0:	00440413          	addi	s0,s0,4
   107f4:	fe742e23          	sw	t2,-4(s0)

000107f8 <beq>:
   107f8:	fffff2b7          	lui	t0,0xfffff
   107fc:	fffff337          	lui	t1,0xfffff
   10800:	00001337          	lui	t1,0x1
   10804:	ff030313          	addi	t1,t1,-16 # ff0 <boot+0xed4>
   10808:	02628c63          	beq	t0,t1,10840 <beq+0x48>
   1080c:	02628a63          	beq	t0,t1,10840 <beq+0x48>
   10810:	02628863          	beq	t0,t1,10840 <beq+0x48>
   10814:	02628663          	beq	t0,t1,10840 <beq+0x48>
   10818:	02628463          	beq	t0,t1,10840 <beq+0x48>
   1081c:	fffff337          	lui	t1,0xfffff
   10820:	00001337          	lui	t1,0x1
   10824:	fff30313          	addi	t1,t1,-1 # fff <boot+0xee3>
   10828:	00530c63          	beq	t1,t0,10840 <beq+0x48>
   1082c:	00530a63          	beq	t1,t0,10840 <beq+0x48>
   10830:	00530863          	beq	t1,t0,10840 <beq+0x48>
   10834:	00530663          	beq	t1,t0,10840 <beq+0x48>
   10838:	00530463          	beq	t1,t0,10840 <beq+0x48>
   1083c:	0080006f          	j	10844 <beq+0x4c>
   10840:	0012e293          	ori	t0,t0,1
   10844:	fff34313          	not	t1,t1
   10848:	00628463          	beq	t0,t1,10850 <beq+0x58>
   1084c:	0022e293          	ori	t0,t0,2
   10850:	00542023          	sw	t0,0(s0)
   10854:	00440413          	addi	s0,s0,4

00010858 <bne>:
   10858:	fffff2b7          	lui	t0,0xfffff
   1085c:	00001337          	lui	t1,0x1
   10860:	ff030313          	addi	t1,t1,-16 # ff0 <boot+0xed4>
   10864:	fffff337          	lui	t1,0xfffff
   10868:	02629c63          	bne	t0,t1,108a0 <bne+0x48>
   1086c:	02629a63          	bne	t0,t1,108a0 <bne+0x48>
   10870:	02629863          	bne	t0,t1,108a0 <bne+0x48>
   10874:	02629663          	bne	t0,t1,108a0 <bne+0x48>
   10878:	02629463          	bne	t0,t1,108a0 <bne+0x48>
   1087c:	00001337          	lui	t1,0x1
   10880:	fff30313          	addi	t1,t1,-1 # fff <boot+0xee3>
   10884:	fffff337          	lui	t1,0xfffff
   10888:	00531c63          	bne	t1,t0,108a0 <bne+0x48>
   1088c:	00531a63          	bne	t1,t0,108a0 <bne+0x48>
   10890:	00531863          	bne	t1,t0,108a0 <bne+0x48>
   10894:	00531663          	bne	t1,t0,108a0 <bne+0x48>
   10898:	00531463          	bne	t1,t0,108a0 <bne+0x48>
   1089c:	0080006f          	j	108a4 <bne+0x4c>
   108a0:	0012e293          	ori	t0,t0,1
   108a4:	fff34313          	not	t1,t1
   108a8:	00629463          	bne	t0,t1,108b0 <bne+0x58>
   108ac:	0022e293          	ori	t0,t0,2
   108b0:	00542023          	sw	t0,0(s0)
   108b4:	00440413          	addi	s0,s0,4

000108b8 <blt>:
   108b8:	fffff2b7          	lui	t0,0xfffff
   108bc:	00001337          	lui	t1,0x1
   108c0:	ff030313          	addi	t1,t1,-16 # ff0 <boot+0xed4>
   108c4:	ffc28313          	addi	t1,t0,-4 # ffffeffc <__data_paddr_start+0xdfefdffc>
   108c8:	0262cc63          	blt	t0,t1,10900 <blt+0x48>
   108cc:	0262ca63          	blt	t0,t1,10900 <blt+0x48>
   108d0:	0262c863          	blt	t0,t1,10900 <blt+0x48>
   108d4:	0262c663          	blt	t0,t1,10900 <blt+0x48>
   108d8:	0262c463          	blt	t0,t1,10900 <blt+0x48>
   108dc:	00001337          	lui	t1,0x1
   108e0:	fff30313          	addi	t1,t1,-1 # fff <boot+0xee3>
   108e4:	00428313          	addi	t1,t0,4
   108e8:	00534c63          	blt	t1,t0,10900 <blt+0x48>
   108ec:	00534a63          	blt	t1,t0,10900 <blt+0x48>
   108f0:	00534863          	blt	t1,t0,10900 <blt+0x48>
   108f4:	00534663          	blt	t1,t0,10900 <blt+0x48>
   108f8:	00534463          	blt	t1,t0,10900 <blt+0x48>
   108fc:	0080006f          	j	10904 <blt+0x4c>
   10900:	0012e293          	ori	t0,t0,1
   10904:	00001337          	lui	t1,0x1
   10908:	fff30313          	addi	t1,t1,-1 # fff <boot+0xee3>
   1090c:	0062c463          	blt	t0,t1,10914 <blt+0x5c>
   10910:	0022e293          	ori	t0,t0,2
   10914:	00028313          	mv	t1,t0
   10918:	0062c463          	blt	t0,t1,10920 <blt+0x68>
   1091c:	0080006f          	j	10924 <blt+0x6c>
   10920:	0042e293          	ori	t0,t0,4
   10924:	fffff337          	lui	t1,0xfffff
   10928:	eee30313          	addi	t1,t1,-274 # ffffeeee <__data_paddr_start+0xdfefdeee>
   1092c:	0062c463          	blt	t0,t1,10934 <blt+0x7c>
   10930:	0080006f          	j	10938 <blt+0x80>
   10934:	0082e293          	ori	t0,t0,8
   10938:	00542023          	sw	t0,0(s0)
   1093c:	00440413          	addi	s0,s0,4

00010940 <bge>:
   10940:	fffff2b7          	lui	t0,0xfffff
   10944:	fffff337          	lui	t1,0xfffff
   10948:	00428313          	addi	t1,t0,4 # fffff004 <__data_paddr_start+0xdfefe004>
   1094c:	0262da63          	bge	t0,t1,10980 <bge+0x40>
   10950:	0262d863          	bge	t0,t1,10980 <bge+0x40>
   10954:	0262d663          	bge	t0,t1,10980 <bge+0x40>
   10958:	0262d463          	bge	t0,t1,10980 <bge+0x40>
   1095c:	0262d263          	bge	t0,t1,10980 <bge+0x40>
   10960:	ffff0337          	lui	t1,0xffff0
   10964:	ffc28313          	addi	t1,t0,-4
   10968:	00535c63          	bge	t1,t0,10980 <bge+0x40>
   1096c:	00535a63          	bge	t1,t0,10980 <bge+0x40>
   10970:	00535863          	bge	t1,t0,10980 <bge+0x40>
   10974:	00535663          	bge	t1,t0,10980 <bge+0x40>
   10978:	00535463          	bge	t1,t0,10980 <bge+0x40>
   1097c:	0080006f          	j	10984 <bge+0x44>
   10980:	0012e293          	ori	t0,t0,1
   10984:	00001337          	lui	t1,0x1
   10988:	fff30313          	addi	t1,t1,-1 # fff <boot+0xee3>
   1098c:	0062d463          	bge	t0,t1,10994 <bge+0x54>
   10990:	0080006f          	j	10998 <bge+0x58>
   10994:	0022e293          	ori	t0,t0,2
   10998:	00028313          	mv	t1,t0
   1099c:	0062d463          	bge	t0,t1,109a4 <bge+0x64>
   109a0:	0042e293          	ori	t0,t0,4
   109a4:	fffff337          	lui	t1,0xfffff
   109a8:	eee30313          	addi	t1,t1,-274 # ffffeeee <__data_paddr_start+0xdfefdeee>
   109ac:	0062d463          	bge	t0,t1,109b4 <bge+0x74>
   109b0:	0082e293          	ori	t0,t0,8
   109b4:	00542023          	sw	t0,0(s0)
   109b8:	00440413          	addi	s0,s0,4

000109bc <bltu>:
   109bc:	fffff2b7          	lui	t0,0xfffff
   109c0:	f0000313          	li	t1,-256
   109c4:	ffc28313          	addi	t1,t0,-4 # ffffeffc <__data_paddr_start+0xdfefdffc>
   109c8:	0262ea63          	bltu	t0,t1,109fc <bltu+0x40>
   109cc:	0262e863          	bltu	t0,t1,109fc <bltu+0x40>
   109d0:	0262e663          	bltu	t0,t1,109fc <bltu+0x40>
   109d4:	0262e463          	bltu	t0,t1,109fc <bltu+0x40>
   109d8:	0262e263          	bltu	t0,t1,109fc <bltu+0x40>
   109dc:	fff00313          	li	t1,-1
   109e0:	00428313          	addi	t1,t0,4
   109e4:	00536c63          	bltu	t1,t0,109fc <bltu+0x40>
   109e8:	00536a63          	bltu	t1,t0,109fc <bltu+0x40>
   109ec:	00536863          	bltu	t1,t0,109fc <bltu+0x40>
   109f0:	00536663          	bltu	t1,t0,109fc <bltu+0x40>
   109f4:	00536463          	bltu	t1,t0,109fc <bltu+0x40>
   109f8:	0080006f          	j	10a00 <bltu+0x44>
   109fc:	0012e293          	ori	t0,t0,1
   10a00:	fff00313          	li	t1,-1
   10a04:	0062e463          	bltu	t0,t1,10a0c <bltu+0x50>
   10a08:	0022e293          	ori	t0,t0,2
   10a0c:	00028313          	mv	t1,t0
   10a10:	0062e463          	bltu	t0,t1,10a18 <bltu+0x5c>
   10a14:	0080006f          	j	10a1c <bltu+0x60>
   10a18:	0042e293          	ori	t0,t0,4
   10a1c:	00001337          	lui	t1,0x1
   10a20:	fff30313          	addi	t1,t1,-1 # fff <boot+0xee3>
   10a24:	0062e463          	bltu	t0,t1,10a2c <bltu+0x70>
   10a28:	0080006f          	j	10a30 <bltu+0x74>
   10a2c:	0082e293          	ori	t0,t0,8
   10a30:	00542023          	sw	t0,0(s0)
   10a34:	00440413          	addi	s0,s0,4

00010a38 <bgeu>:
   10a38:	fffff2b7          	lui	t0,0xfffff
   10a3c:	fffff337          	lui	t1,0xfffff
   10a40:	00428313          	addi	t1,t0,4 # fffff004 <__data_paddr_start+0xdfefe004>
   10a44:	0262fc63          	bgeu	t0,t1,10a7c <bgeu+0x44>
   10a48:	0262fa63          	bgeu	t0,t1,10a7c <bgeu+0x44>
   10a4c:	0262f863          	bgeu	t0,t1,10a7c <bgeu+0x44>
   10a50:	0262f663          	bgeu	t0,t1,10a7c <bgeu+0x44>
   10a54:	0262f463          	bgeu	t0,t1,10a7c <bgeu+0x44>
   10a58:	00001337          	lui	t1,0x1
   10a5c:	fff30313          	addi	t1,t1,-1 # fff <boot+0xee3>
   10a60:	ffc28313          	addi	t1,t0,-4
   10a64:	00537c63          	bgeu	t1,t0,10a7c <bgeu+0x44>
   10a68:	00537a63          	bgeu	t1,t0,10a7c <bgeu+0x44>
   10a6c:	00537863          	bgeu	t1,t0,10a7c <bgeu+0x44>
   10a70:	00537663          	bgeu	t1,t0,10a7c <bgeu+0x44>
   10a74:	00537463          	bgeu	t1,t0,10a7c <bgeu+0x44>
   10a78:	0080006f          	j	10a80 <bgeu+0x48>
   10a7c:	0012e293          	ori	t0,t0,1
   10a80:	fff00313          	li	t1,-1
   10a84:	0062f463          	bgeu	t0,t1,10a8c <bgeu+0x54>
   10a88:	0080006f          	j	10a90 <bgeu+0x58>
   10a8c:	0022e293          	ori	t0,t0,2
   10a90:	00028313          	mv	t1,t0
   10a94:	0062f463          	bgeu	t0,t1,10a9c <bgeu+0x64>
   10a98:	0042e293          	ori	t0,t0,4
   10a9c:	00001337          	lui	t1,0x1
   10aa0:	fff30313          	addi	t1,t1,-1 # fff <boot+0xee3>
   10aa4:	0062f463          	bgeu	t0,t1,10aac <bgeu+0x74>
   10aa8:	0082e293          	ori	t0,t0,8
   10aac:	00542023          	sw	t0,0(s0)
   10ab0:	00440413          	addi	s0,s0,4

00010ab4 <auipc>:
   10ab4:	00000297          	auipc	t0,0x0
   10ab8:	fffff317          	auipc	t1,0xfffff
   10abc:	13579397          	auipc	t2,0x13579
   10ac0:	00730333          	add	t1,t1,t2
   10ac4:	006282b3          	add	t0,t0,t1
   10ac8:	00542023          	sw	t0,0(s0)
   10acc:	00440413          	addi	s0,s0,4

00010ad0 <lui>:
   10ad0:	000002b7          	lui	t0,0x0
   10ad4:	fffff337          	lui	t1,0xfffff
   10ad8:	135793b7          	lui	t2,0x13579
   10adc:	00730333          	add	t1,t1,t2
   10ae0:	006282b3          	add	t0,t0,t1
   10ae4:	00542023          	sw	t0,0(s0)
   10ae8:	00440413          	addi	s0,s0,4

00010aec <jal>:
   10aec:	fffff2b7          	lui	t0,0xfffff
   10af0:	0080036f          	jal	t1,10af8 <jal+0xc>
   10af4:	0012e293          	ori	t0,t0,1
   10af8:	00000397          	auipc	t2,0x0
   10afc:	00038393          	mv	t2,t2
   10b00:	40638333          	sub	t1,t2,t1
   10b04:	006282b3          	add	t0,t0,t1
   10b08:	00542023          	sw	t0,0(s0)
   10b0c:	00440413          	addi	s0,s0,4

00010b10 <csrrw>:
   10b10:	000f02b7          	lui	t0,0xf0
   10b14:	00828293          	addi	t0,t0,8 # f0008 <_end+0xc0008>
   10b18:	30029073          	csrw	mstatus,t0
   10b1c:	300013f3          	csrrw	t2,mstatus,zero
   10b20:	30001e73          	csrrw	t3,mstatus,zero
   10b24:	01c38333          	add	t1,t2,t3
   10b28:	00642023          	sw	t1,0(s0)
   10b2c:	00440413          	addi	s0,s0,4
   10b30:	000012b7          	lui	t0,0x1
   10b34:	a3228293          	addi	t0,t0,-1486 # a32 <boot+0x916>
   10b38:	30429073          	csrw	mie,t0
   10b3c:	304013f3          	csrrw	t2,mie,zero
   10b40:	30401e73          	csrrw	t3,mie,zero
   10b44:	01c38333          	add	t1,t2,t3
   10b48:	00642023          	sw	t1,0(s0)
   10b4c:	00440413          	addi	s0,s0,4
   10b50:	000e52b7          	lui	t0,0xe5
   10b54:	0f028293          	addi	t0,t0,240 # e50f0 <_end+0xb50f0>
   10b58:	30529073          	csrw	mtvec,t0
   10b5c:	305013f3          	csrrw	t2,mtvec,zero
   10b60:	30501e73          	csrrw	t3,mtvec,zero
   10b64:	01c38333          	add	t1,t2,t3
   10b68:	00642023          	sw	t1,0(s0)
   10b6c:	00440413          	addi	s0,s0,4
   10b70:	000e52b7          	lui	t0,0xe5
   10b74:	0f028293          	addi	t0,t0,240 # e50f0 <_end+0xb50f0>
   10b78:	34129073          	csrw	mepc,t0
   10b7c:	341013f3          	csrrw	t2,mepc,zero
   10b80:	34101e73          	csrrw	t3,mepc,zero
   10b84:	01c38333          	add	t1,t2,t3
   10b88:	00642023          	sw	t1,0(s0)
   10b8c:	00440413          	addi	s0,s0,4
   10b90:	000012b7          	lui	t0,0x1
   10b94:	fff28293          	addi	t0,t0,-1 # fff <boot+0xee3>
   10b98:	34429073          	csrw	mip,t0
   10b9c:	344013f3          	csrrw	t2,mip,zero
   10ba0:	34401e73          	csrrw	t3,mip,zero
   10ba4:	01c38333          	add	t1,t2,t3
   10ba8:	00642023          	sw	t1,0(s0)
   10bac:	00440413          	addi	s0,s0,4

00010bb0 <csrrwi>:
   10bb0:	3004d073          	csrwi	mstatus,9
   10bb4:	30001373          	csrrw	t1,mstatus,zero
   10bb8:	00642023          	sw	t1,0(s0)
   10bbc:	00440413          	addi	s0,s0,4
   10bc0:	30505073          	csrwi	mtvec,0
   10bc4:	30501373          	csrrw	t1,mtvec,zero
   10bc8:	00642023          	sw	t1,0(s0)
   10bcc:	00440413          	addi	s0,s0,4
   10bd0:	34185073          	csrwi	mepc,16
   10bd4:	34101373          	csrrw	t1,mepc,zero
   10bd8:	00642023          	sw	t1,0(s0)
   10bdc:	00440413          	addi	s0,s0,4
   10be0:	3447d073          	csrwi	mip,15
   10be4:	34401373          	csrrw	t1,mip,zero
   10be8:	00642023          	sw	t1,0(s0)
   10bec:	00440413          	addi	s0,s0,4

00010bf0 <csrrs>:
   10bf0:	000f02b7          	lui	t0,0xf0
   10bf4:	00828293          	addi	t0,t0,8 # f0008 <_end+0xc0008>
   10bf8:	000f0337          	lui	t1,0xf0
   10bfc:	00830313          	addi	t1,t1,8 # f0008 <_end+0xc0008>
   10c00:	30029073          	csrw	mstatus,t0
   10c04:	300322f3          	csrrs	t0,mstatus,t1
   10c08:	300013f3          	csrrw	t2,mstatus,zero
   10c0c:	00742023          	sw	t2,0(s0)
   10c10:	00440413          	addi	s0,s0,4

00010c14 <csrrsi>:
   10c14:	000f02b7          	lui	t0,0xf0
   10c18:	00828293          	addi	t0,t0,8 # f0008 <_end+0xc0008>
   10c1c:	30029073          	csrw	mstatus,t0
   10c20:	3004e2f3          	csrrsi	t0,mstatus,9
   10c24:	300013f3          	csrrw	t2,mstatus,zero
   10c28:	00742023          	sw	t2,0(s0)
   10c2c:	00440413          	addi	s0,s0,4

00010c30 <csrrc>:
   10c30:	000f22b7          	lui	t0,0xf2
   10c34:	88828293          	addi	t0,t0,-1912 # f1888 <_end+0xc1888>
   10c38:	000f2337          	lui	t1,0xf2
   10c3c:	88030313          	addi	t1,t1,-1920 # f1880 <_end+0xc1880>
   10c40:	30029073          	csrw	mstatus,t0
   10c44:	300332f3          	csrrc	t0,mstatus,t1
   10c48:	300013f3          	csrrw	t2,mstatus,zero
   10c4c:	00742023          	sw	t2,0(s0)
   10c50:	00440413          	addi	s0,s0,4

00010c54 <csrrci>:
   10c54:	000f22b7          	lui	t0,0xf2
   10c58:	88828293          	addi	t0,t0,-1912 # f1888 <_end+0xc1888>
   10c5c:	30029073          	csrw	mstatus,t0
   10c60:	3004f2f3          	csrrci	t0,mstatus,9
   10c64:	300013f3          	csrrw	t2,mstatus,zero
   10c68:	00742023          	sw	t2,0(s0)
   10c6c:	00440413          	addi	s0,s0,4

00010c70 <main_exit>:
   10c70:	00012403          	lw	s0,0(sp)
   10c74:	00410113          	addi	sp,sp,4
   10c78:	00008067          	ret
